[0.131s] Invoking command in '/home/k5001682/ros2_ws/build/motordriver_msgs': CMAKE_PREFIX_PATH=${CMAKE_PREFIX_PATH}:/opt/ros/jazzy:/home/k5001682/ros2_ws/install/motordriver DEBUGINFOD_URLS=https://debuginfod.ubuntu.com /usr/bin/cmake --build /home/k5001682/ros2_ws/build/motordriver_msgs -- -j20 -l20
[0.149s] -- Found ament_cmake: 2.5.4 (/opt/ros/jazzy/share/ament_cmake/cmake)
[0.291s] -- Found ament_lint_auto: 0.17.3 (/opt/ros/jazzy/share/ament_lint_auto/cmake)
[0.353s] -- Found rosidl_default_generators: 1.6.0 (/opt/ros/jazzy/share/rosidl_default_generators/cmake)
[0.357s] -- Using all available rosidl_typesupport_c: rosidl_typesupport_fastrtps_c;rosidl_typesupport_introspection_c
[0.391s] -- Using all available rosidl_typesupport_cpp: rosidl_typesupport_fastrtps_cpp;rosidl_typesupport_introspection_cpp
[0.422s] -- Found rosidl_adapter: 4.6.6 (/opt/ros/jazzy/share/rosidl_adapter/cmake)
[0.752s] -- Found ament_cmake_ros: 0.12.0 (/opt/ros/jazzy/share/ament_cmake_ros/cmake)
[1.068s] -- Using all available rosidl_typesupport_c: rosidl_typesupport_fastrtps_c;rosidl_typesupport_introspection_c
[1.476s] -- Using all available rosidl_typesupport_cpp: rosidl_typesupport_fastrtps_cpp;rosidl_typesupport_introspection_cpp
[1.479s] -- Found python_cmake_module: 0.11.1 (/opt/ros/jazzy/share/python_cmake_module/cmake)
[1.569s] -- Found PythonExtra: /usr/bin/python3  
[1.864s] -- Found Python3: /usr/bin/python3 (found version "3.12.3") found components: Interpreter Development NumPy Development.Module Development.Embed 
[1.889s] -- Added test 'lint_cmake' to check CMake code style
[1.889s] -- Added test 'xmllint' to check XML markup files
[1.893s] -- Configuring done (1.7s)
[1.910s] -- Generating done (0.0s)
[1.920s] -- Build files have been written to: /home/k5001682/ros2_ws/build/motordriver_msgs
[1.948s] [  2%] [34m[1mGenerating type hashes for ROS interfaces[0m
[1.955s] [  2%] Built target ament_cmake_python_copy_motordriver_msgs
[2.060s] [  2%] Built target motordriver_msgs__rosidl_generator_type_description
[2.069s] [  5%] [34m[1mGenerating C code for ROS interfaces[0m
[2.077s] [  8%] [34m[1mGenerating C++ code for ROS interfaces[0m
[2.090s] running egg_info
[2.091s] creating motordriver_msgs.egg-info
[2.101s] writing motordriver_msgs.egg-info/PKG-INFO
[2.101s] writing dependency_links to motordriver_msgs.egg-info/dependency_links.txt
[2.101s] writing top-level names to motordriver_msgs.egg-info/top_level.txt
[2.101s] writing manifest file 'motordriver_msgs.egg-info/SOURCES.txt'
[2.135s] reading manifest file 'motordriver_msgs.egg-info/SOURCES.txt'
[2.135s] writing manifest file 'motordriver_msgs.egg-info/SOURCES.txt'
[2.154s] [  8%] Built target ament_cmake_python_build_motordriver_msgs_egg
[2.213s] [  8%] Built target motordriver_msgs__cpp
[2.228s] [ 11%] [32mBuilding C object CMakeFiles/motordriver_msgs__rosidl_generator_c.dir/rosidl_generator_c/motordriver_msgs/msg/detail/motordriver_message__type_support.c.o[0m
[2.229s] [ 14%] [32mBuilding C object CMakeFiles/motordriver_msgs__rosidl_generator_c.dir/rosidl_generator_c/motordriver_msgs/msg/detail/motordriver_message__description.c.o[0m
[2.229s] [ 17%] [32mBuilding C object CMakeFiles/motordriver_msgs__rosidl_generator_c.dir/rosidl_generator_c/motordriver_msgs/msg/detail/motordriver_message__functions.c.o[0m
[2.269s] [ 20%] [32m[1mLinking C shared library libmotordriver_msgs__rosidl_generator_c.so[0m
[2.297s] [ 20%] Built target motordriver_msgs__rosidl_generator_c
[2.308s] [ 26%] [34m[1mGenerating C++ introspection for ROS interfaces[0m
[2.308s] [ 29%] [34m[1mGenerating C type support dispatch for ROS interfaces[0m
[2.308s] [ 29%] [34m[1mGenerating C introspection for ROS interfaces[0m
[2.309s] [ 32%] [34m[1mGenerating C type support for eProsima Fast-RTPS[0m
[2.311s] [ 35%] [34m[1mGenerating C++ type support dispatch for ROS interfaces[0m
[2.314s] [ 38%] [34m[1mGenerating C++ type support for eProsima Fast-RTPS[0m
[2.464s] [ 41%] [32mBuilding CXX object CMakeFiles/motordriver_msgs__rosidl_typesupport_cpp.dir/rosidl_typesupport_cpp/motordriver_msgs/msg/motordriver_message__type_support.cpp.o[0m
[2.469s] [ 44%] [32mBuilding CXX object CMakeFiles/motordriver_msgs__rosidl_typesupport_c.dir/rosidl_typesupport_c/motordriver_msgs/msg/motordriver_message__type_support.cpp.o[0m
[2.472s] [ 47%] [32mBuilding CXX object CMakeFiles/motordriver_msgs__rosidl_typesupport_introspection_cpp.dir/rosidl_typesupport_introspection_cpp/motordriver_msgs/msg/detail/motordriver_message__type_support.cpp.o[0m
[2.475s] [ 50%] [32mBuilding CXX object CMakeFiles/motordriver_msgs__rosidl_typesupport_fastrtps_cpp.dir/rosidl_typesupport_fastrtps_cpp/motordriver_msgs/msg/detail/dds_fastrtps/motordriver_message__type_support.cpp.o[0m
[2.484s] [ 52%] [32mBuilding CXX object CMakeFiles/motordriver_msgs__rosidl_typesupport_fastrtps_c.dir/rosidl_typesupport_fastrtps_c/motordriver_msgs/msg/detail/motordriver_message__type_support_c.cpp.o[0m
[2.484s] [ 55%] [32mBuilding C object CMakeFiles/motordriver_msgs__rosidl_typesupport_introspection_c.dir/rosidl_typesupport_introspection_c/motordriver_msgs/msg/detail/motordriver_message__type_support.c.o[0m
[2.498s] [ 58%] [32m[1mLinking CXX shared library libmotordriver_msgs__rosidl_typesupport_c.so[0m
[2.508s] [ 61%] [32m[1mLinking C shared library libmotordriver_msgs__rosidl_typesupport_introspection_c.so[0m
[2.532s] [ 61%] Built target motordriver_msgs__rosidl_typesupport_c
[2.534s] [ 61%] Built target motordriver_msgs__rosidl_typesupport_introspection_c
[2.651s] [ 64%] [32m[1mLinking CXX shared library libmotordriver_msgs__rosidl_typesupport_cpp.so[0m
[2.658s] [ 67%] [32m[1mLinking CXX shared library libmotordriver_msgs__rosidl_typesupport_introspection_cpp.so[0m
[2.679s] [ 67%] Built target motordriver_msgs__rosidl_typesupport_cpp
[2.685s] [ 67%] Built target motordriver_msgs__rosidl_typesupport_introspection_cpp
[2.745s] [ 73%] [32m[1mLinking CXX shared library libmotordriver_msgs__rosidl_typesupport_fastrtps_cpp.so[0m
[2.745s] [ 73%] [32m[1mLinking CXX shared library libmotordriver_msgs__rosidl_typesupport_fastrtps_c.so[0m
[2.776s] [ 73%] Built target motordriver_msgs__rosidl_typesupport_fastrtps_c
[2.776s] [ 73%] Built target motordriver_msgs__rosidl_typesupport_fastrtps_cpp
[2.790s] [ 73%] Built target motordriver_msgs
[2.805s] [ 76%] [34m[1mGenerating Python code for ROS interfaces[0m
[2.963s] [ 76%] Built target motordriver_msgs__py
[2.976s] [ 79%] [32mBuilding C object CMakeFiles/motordriver_msgs__rosidl_generator_py.dir/rosidl_generator_py/motordriver_msgs/msg/_motordriver_message_s.c.o[0m
[3.057s] [ 82%] [32m[1mLinking C shared library libmotordriver_msgs__rosidl_generator_py.so[0m
[3.089s] [ 82%] Built target motordriver_msgs__rosidl_generator_py
[3.103s] [ 85%] [32mBuilding C object CMakeFiles/motordriver_msgs_s__rosidl_typesupport_c.dir/rosidl_generator_py/motordriver_msgs/_motordriver_msgs_s.ep.rosidl_typesupport_c.c.o[0m
[3.105s] [ 88%] [32mBuilding C object CMakeFiles/motordriver_msgs_s__rosidl_typesupport_introspection_c.dir/rosidl_generator_py/motordriver_msgs/_motordriver_msgs_s.ep.rosidl_typesupport_introspection_c.c.o[0m
[3.105s] [ 91%] [32mBuilding C object CMakeFiles/motordriver_msgs_s__rosidl_typesupport_fastrtps_c.dir/rosidl_generator_py/motordriver_msgs/_motordriver_msgs_s.ep.rosidl_typesupport_fastrtps_c.c.o[0m
[3.169s] [ 94%] [32m[1mLinking C shared module rosidl_generator_py/motordriver_msgs/motordriver_msgs_s__rosidl_typesupport_introspection_c.so[0m
[3.171s] [ 97%] [32m[1mLinking C shared module rosidl_generator_py/motordriver_msgs/motordriver_msgs_s__rosidl_typesupport_c.so[0m
[3.172s] [100%] [32m[1mLinking C shared module rosidl_generator_py/motordriver_msgs/motordriver_msgs_s__rosidl_typesupport_fastrtps_c.so[0m
[3.192s] [100%] Built target motordriver_msgs_s__rosidl_typesupport_introspection_c
[3.192s] [100%] Built target motordriver_msgs_s__rosidl_typesupport_c
[3.192s] [100%] Built target motordriver_msgs_s__rosidl_typesupport_fastrtps_c
[3.199s] Invoked command in '/home/k5001682/ros2_ws/build/motordriver_msgs' returned '0': CMAKE_PREFIX_PATH=${CMAKE_PREFIX_PATH}:/opt/ros/jazzy:/home/k5001682/ros2_ws/install/motordriver DEBUGINFOD_URLS=https://debuginfod.ubuntu.com /usr/bin/cmake --build /home/k5001682/ros2_ws/build/motordriver_msgs -- -j20 -l20
[3.207s] Invoking command in '/home/k5001682/ros2_ws/build/motordriver_msgs': CMAKE_PREFIX_PATH=${CMAKE_PREFIX_PATH}:/opt/ros/jazzy:/home/k5001682/ros2_ws/install/motordriver DEBUGINFOD_URLS=https://debuginfod.ubuntu.com /usr/bin/cmake --install /home/k5001682/ros2_ws/build/motordriver_msgs
[3.213s] -- Install configuration: ""
[3.213s] -- Installing: /home/k5001682/ros2_ws/install/motordriver_msgs/share/ament_index/resource_index/rosidl_interfaces/motordriver_msgs
[3.213s] -- Installing: /home/k5001682/ros2_ws/install/motordriver_msgs/share/motordriver_msgs/msg/MotordriverMessage.json
[3.214s] -- Installing: /home/k5001682/ros2_ws/install/motordriver_msgs/include/motordriver_msgs/motordriver_msgs
[3.214s] -- Installing: /home/k5001682/ros2_ws/install/motordriver_msgs/include/motordriver_msgs/motordriver_msgs/msg
[3.214s] -- Installing: /home/k5001682/ros2_ws/install/motordriver_msgs/include/motordriver_msgs/motordriver_msgs/msg/motordriver_message.h
[3.214s] -- Installing: /home/k5001682/ros2_ws/install/motordriver_msgs/include/motordriver_msgs/motordriver_msgs/msg/rosidl_generator_c__visibility_control.h
[3.214s] -- Installing: /home/k5001682/ros2_ws/install/motordriver_msgs/include/motordriver_msgs/motordriver_msgs/msg/detail
[3.214s] -- Installing: /home/k5001682/ros2_ws/install/motordriver_msgs/include/motordriver_msgs/motordriver_msgs/msg/detail/motordriver_message__struct.h
[3.214s] -- Installing: /home/k5001682/ros2_ws/install/motordriver_msgs/include/motordriver_msgs/motordriver_msgs/msg/detail/motordriver_message__type_support.h
[3.214s] -- Installing: /home/k5001682/ros2_ws/install/motordriver_msgs/include/motordriver_msgs/motordriver_msgs/msg/detail/motordriver_message__functions.c
[3.214s] -- Installing: /home/k5001682/ros2_ws/install/motordriver_msgs/include/motordriver_msgs/motordriver_msgs/msg/detail/motordriver_message__description.c
[3.214s] -- Installing: /home/k5001682/ros2_ws/install/motordriver_msgs/include/motordriver_msgs/motordriver_msgs/msg/detail/motordriver_message__type_support.c
[3.214s] -- Installing: /home/k5001682/ros2_ws/install/motordriver_msgs/include/motordriver_msgs/motordriver_msgs/msg/detail/motordriver_message__functions.h
[3.214s] -- Installing: /home/k5001682/ros2_ws/install/motordriver_msgs/share/motordriver_msgs/environment/library_path.sh
[3.214s] -- Installing: /home/k5001682/ros2_ws/install/motordriver_msgs/share/motordriver_msgs/environment/library_path.dsv
[3.214s] -- Installing: /home/k5001682/ros2_ws/install/motordriver_msgs/lib/libmotordriver_msgs__rosidl_generator_c.so
[3.214s] -- Set non-toolchain portion of runtime path of "/home/k5001682/ros2_ws/install/motordriver_msgs/lib/libmotordriver_msgs__rosidl_generator_c.so" to ""
[3.214s] -- Up-to-date: /home/k5001682/ros2_ws/install/motordriver_msgs/include/motordriver_msgs/motordriver_msgs
[3.214s] -- Up-to-date: /home/k5001682/ros2_ws/install/motordriver_msgs/include/motordriver_msgs/motordriver_msgs/msg
[3.214s] -- Installing: /home/k5001682/ros2_ws/install/motordriver_msgs/include/motordriver_msgs/motordriver_msgs/msg/rosidl_typesupport_fastrtps_c__visibility_control.h
[3.214s] -- Up-to-date: /home/k5001682/ros2_ws/install/motordriver_msgs/include/motordriver_msgs/motordriver_msgs/msg/detail
[3.214s] -- Installing: /home/k5001682/ros2_ws/install/motordriver_msgs/include/motordriver_msgs/motordriver_msgs/msg/detail/motordriver_message__rosidl_typesupport_fastrtps_c.h
[3.214s] -- Installing: /home/k5001682/ros2_ws/install/motordriver_msgs/lib/libmotordriver_msgs__rosidl_typesupport_fastrtps_c.so
[3.214s] -- Set non-toolchain portion of runtime path of "/home/k5001682/ros2_ws/install/motordriver_msgs/lib/libmotordriver_msgs__rosidl_typesupport_fastrtps_c.so" to ""
[3.215s] -- Up-to-date: /home/k5001682/ros2_ws/install/motordriver_msgs/include/motordriver_msgs/motordriver_msgs
[3.215s] -- Up-to-date: /home/k5001682/ros2_ws/install/motordriver_msgs/include/motordriver_msgs/motordriver_msgs/msg
[3.215s] -- Installing: /home/k5001682/ros2_ws/install/motordriver_msgs/include/motordriver_msgs/motordriver_msgs/msg/rosidl_typesupport_introspection_c__visibility_control.h
[3.215s] -- Up-to-date: /home/k5001682/ros2_ws/install/motordriver_msgs/include/motordriver_msgs/motordriver_msgs/msg/detail
[3.215s] -- Installing: /home/k5001682/ros2_ws/install/motordriver_msgs/include/motordriver_msgs/motordriver_msgs/msg/detail/motordriver_message__rosidl_typesupport_introspection_c.h
[3.215s] -- Up-to-date: /home/k5001682/ros2_ws/install/motordriver_msgs/include/motordriver_msgs/motordriver_msgs/msg/detail/motordriver_message__type_support.c
[3.215s] -- Installing: /home/k5001682/ros2_ws/install/motordriver_msgs/lib/libmotordriver_msgs__rosidl_typesupport_introspection_c.so
[3.215s] -- Set non-toolchain portion of runtime path of "/home/k5001682/ros2_ws/install/motordriver_msgs/lib/libmotordriver_msgs__rosidl_typesupport_introspection_c.so" to ""
[3.215s] -- Installing: /home/k5001682/ros2_ws/install/motordriver_msgs/lib/libmotordriver_msgs__rosidl_typesupport_c.so
[3.215s] -- Set non-toolchain portion of runtime path of "/home/k5001682/ros2_ws/install/motordriver_msgs/lib/libmotordriver_msgs__rosidl_typesupport_c.so" to ""
[3.215s] -- Up-to-date: /home/k5001682/ros2_ws/install/motordriver_msgs/include/motordriver_msgs/motordriver_msgs
[3.215s] -- Up-to-date: /home/k5001682/ros2_ws/install/motordriver_msgs/include/motordriver_msgs/motordriver_msgs/msg
[3.215s] -- Installing: /home/k5001682/ros2_ws/install/motordriver_msgs/include/motordriver_msgs/motordriver_msgs/msg/motordriver_message.hpp
[3.215s] -- Up-to-date: /home/k5001682/ros2_ws/install/motordriver_msgs/include/motordriver_msgs/motordriver_msgs/msg/detail
[3.215s] -- Installing: /home/k5001682/ros2_ws/install/motordriver_msgs/include/motordriver_msgs/motordriver_msgs/msg/detail/motordriver_message__struct.hpp
[3.215s] -- Installing: /home/k5001682/ros2_ws/install/motordriver_msgs/include/motordriver_msgs/motordriver_msgs/msg/detail/motordriver_message__builder.hpp
[3.215s] -- Installing: /home/k5001682/ros2_ws/install/motordriver_msgs/include/motordriver_msgs/motordriver_msgs/msg/detail/motordriver_message__traits.hpp
[3.215s] -- Installing: /home/k5001682/ros2_ws/install/motordriver_msgs/include/motordriver_msgs/motordriver_msgs/msg/detail/motordriver_message__type_support.hpp
[3.215s] -- Installing: /home/k5001682/ros2_ws/install/motordriver_msgs/include/motordriver_msgs/motordriver_msgs/msg/rosidl_generator_cpp__visibility_control.hpp
[3.215s] -- Up-to-date: /home/k5001682/ros2_ws/install/motordriver_msgs/include/motordriver_msgs/motordriver_msgs
[3.215s] -- Up-to-date: /home/k5001682/ros2_ws/install/motordriver_msgs/include/motordriver_msgs/motordriver_msgs/msg
[3.216s] -- Installing: /home/k5001682/ros2_ws/install/motordriver_msgs/include/motordriver_msgs/motordriver_msgs/msg/rosidl_typesupport_fastrtps_cpp__visibility_control.h
[3.216s] -- Up-to-date: /home/k5001682/ros2_ws/install/motordriver_msgs/include/motordriver_msgs/motordriver_msgs/msg/detail
[3.216s] -- Installing: /home/k5001682/ros2_ws/install/motordriver_msgs/include/motordriver_msgs/motordriver_msgs/msg/detail/motordriver_message__rosidl_typesupport_fastrtps_cpp.hpp
[3.216s] -- Installing: /home/k5001682/ros2_ws/install/motordriver_msgs/include/motordriver_msgs/motordriver_msgs/msg/detail/dds_fastrtps
[3.216s] -- Installing: /home/k5001682/ros2_ws/install/motordriver_msgs/lib/libmotordriver_msgs__rosidl_typesupport_fastrtps_cpp.so
[3.216s] -- Set non-toolchain portion of runtime path of "/home/k5001682/ros2_ws/install/motordriver_msgs/lib/libmotordriver_msgs__rosidl_typesupport_fastrtps_cpp.so" to ""
[3.216s] -- Up-to-date: /home/k5001682/ros2_ws/install/motordriver_msgs/include/motordriver_msgs/motordriver_msgs
[3.216s] -- Up-to-date: /home/k5001682/ros2_ws/install/motordriver_msgs/include/motordriver_msgs/motordriver_msgs/msg
[3.216s] -- Up-to-date: /home/k5001682/ros2_ws/install/motordriver_msgs/include/motordriver_msgs/motordriver_msgs/msg/detail
[3.216s] -- Installing: /home/k5001682/ros2_ws/install/motordriver_msgs/include/motordriver_msgs/motordriver_msgs/msg/detail/motordriver_message__type_support.cpp
[3.216s] -- Installing: /home/k5001682/ros2_ws/install/motordriver_msgs/include/motordriver_msgs/motordriver_msgs/msg/detail/motordriver_message__rosidl_typesupport_introspection_cpp.hpp
[3.216s] -- Installing: /home/k5001682/ros2_ws/install/motordriver_msgs/lib/libmotordriver_msgs__rosidl_typesupport_introspection_cpp.so
[3.216s] -- Set non-toolchain portion of runtime path of "/home/k5001682/ros2_ws/install/motordriver_msgs/lib/libmotordriver_msgs__rosidl_typesupport_introspection_cpp.so" to ""
[3.216s] -- Installing: /home/k5001682/ros2_ws/install/motordriver_msgs/lib/libmotordriver_msgs__rosidl_typesupport_cpp.so
[3.216s] -- Set non-toolchain portion of runtime path of "/home/k5001682/ros2_ws/install/motordriver_msgs/lib/libmotordriver_msgs__rosidl_typesupport_cpp.so" to ""
[3.216s] -- Installing: /home/k5001682/ros2_ws/install/motordriver_msgs/share/motordriver_msgs/environment/pythonpath.sh
[3.216s] -- Installing: /home/k5001682/ros2_ws/install/motordriver_msgs/share/motordriver_msgs/environment/pythonpath.dsv
[3.216s] -- Installing: /home/k5001682/ros2_ws/install/motordriver_msgs/lib/python3.12/site-packages/motordriver_msgs-0.0.0-py3.12.egg-info
[3.217s] -- Installing: /home/k5001682/ros2_ws/install/motordriver_msgs/lib/python3.12/site-packages/motordriver_msgs-0.0.0-py3.12.egg-info/SOURCES.txt
[3.217s] -- Installing: /home/k5001682/ros2_ws/install/motordriver_msgs/lib/python3.12/site-packages/motordriver_msgs-0.0.0-py3.12.egg-info/top_level.txt
[3.217s] -- Installing: /home/k5001682/ros2_ws/install/motordriver_msgs/lib/python3.12/site-packages/motordriver_msgs-0.0.0-py3.12.egg-info/dependency_links.txt
[3.217s] -- Installing: /home/k5001682/ros2_ws/install/motordriver_msgs/lib/python3.12/site-packages/motordriver_msgs-0.0.0-py3.12.egg-info/PKG-INFO
[3.217s] -- Installing: /home/k5001682/ros2_ws/install/motordriver_msgs/lib/python3.12/site-packages/motordriver_msgs
[3.217s] -- Installing: /home/k5001682/ros2_ws/install/motordriver_msgs/lib/python3.12/site-packages/motordriver_msgs/_motordriver_msgs_s.ep.rosidl_typesupport_c.c
[3.217s] -- Installing: /home/k5001682/ros2_ws/install/motordriver_msgs/lib/python3.12/site-packages/motordriver_msgs/_motordriver_msgs_s.ep.rosidl_typesupport_fastrtps_c.c
[3.217s] -- Installing: /home/k5001682/ros2_ws/install/motordriver_msgs/lib/python3.12/site-packages/motordriver_msgs/motordriver_msgs_s__rosidl_typesupport_introspection_c.so
[3.217s] -- Installing: /home/k5001682/ros2_ws/install/motordriver_msgs/lib/python3.12/site-packages/motordriver_msgs/motordriver_msgs_s__rosidl_typesupport_fastrtps_c.so
[3.217s] -- Installing: /home/k5001682/ros2_ws/install/motordriver_msgs/lib/python3.12/site-packages/motordriver_msgs/msg
[3.217s] -- Installing: /home/k5001682/ros2_ws/install/motordriver_msgs/lib/python3.12/site-packages/motordriver_msgs/msg/_motordriver_message_s.c
[3.217s] -- Installing: /home/k5001682/ros2_ws/install/motordriver_msgs/lib/python3.12/site-packages/motordriver_msgs/msg/__init__.py
[3.217s] -- Installing: /home/k5001682/ros2_ws/install/motordriver_msgs/lib/python3.12/site-packages/motordriver_msgs/msg/_motordriver_message.py
[3.217s] -- Installing: /home/k5001682/ros2_ws/install/motordriver_msgs/lib/python3.12/site-packages/motordriver_msgs/__init__.py
[3.217s] -- Installing: /home/k5001682/ros2_ws/install/motordriver_msgs/lib/python3.12/site-packages/motordriver_msgs/motordriver_msgs_s__rosidl_typesupport_c.so
[3.217s] -- Installing: /home/k5001682/ros2_ws/install/motordriver_msgs/lib/python3.12/site-packages/motordriver_msgs/_motordriver_msgs_s.ep.rosidl_typesupport_introspection_c.c
[3.249s] Listing '/home/k5001682/ros2_ws/install/motordriver_msgs/lib/python3.12/site-packages/motordriver_msgs'...
[3.249s] Compiling '/home/k5001682/ros2_ws/install/motordriver_msgs/lib/python3.12/site-packages/motordriver_msgs/__init__.py'...
[3.249s] Listing '/home/k5001682/ros2_ws/install/motordriver_msgs/lib/python3.12/site-packages/motordriver_msgs/msg'...
[3.249s] Compiling '/home/k5001682/ros2_ws/install/motordriver_msgs/lib/python3.12/site-packages/motordriver_msgs/msg/__init__.py'...
[3.249s] Compiling '/home/k5001682/ros2_ws/install/motordriver_msgs/lib/python3.12/site-packages/motordriver_msgs/msg/_motordriver_message.py'...
[3.252s] -- Installing: /home/k5001682/ros2_ws/install/motordriver_msgs/lib/python3.12/site-packages/motordriver_msgs/motordriver_msgs_s__rosidl_typesupport_fastrtps_c.so
[3.252s] -- Set non-toolchain portion of runtime path of "/home/k5001682/ros2_ws/install/motordriver_msgs/lib/python3.12/site-packages/motordriver_msgs/motordriver_msgs_s__rosidl_typesupport_fastrtps_c.so" to ""
[3.252s] -- Installing: /home/k5001682/ros2_ws/install/motordriver_msgs/lib/python3.12/site-packages/motordriver_msgs/motordriver_msgs_s__rosidl_typesupport_introspection_c.so
[3.253s] -- Set non-toolchain portion of runtime path of "/home/k5001682/ros2_ws/install/motordriver_msgs/lib/python3.12/site-packages/motordriver_msgs/motordriver_msgs_s__rosidl_typesupport_introspection_c.so" to ""
[3.253s] -- Installing: /home/k5001682/ros2_ws/install/motordriver_msgs/lib/python3.12/site-packages/motordriver_msgs/motordriver_msgs_s__rosidl_typesupport_c.so
[3.253s] -- Set non-toolchain portion of runtime path of "/home/k5001682/ros2_ws/install/motordriver_msgs/lib/python3.12/site-packages/motordriver_msgs/motordriver_msgs_s__rosidl_typesupport_c.so" to ""
[3.253s] -- Installing: /home/k5001682/ros2_ws/install/motordriver_msgs/lib/libmotordriver_msgs__rosidl_generator_py.so
[3.253s] -- Set non-toolchain portion of runtime path of "/home/k5001682/ros2_ws/install/motordriver_msgs/lib/libmotordriver_msgs__rosidl_generator_py.so" to ""
[3.253s] -- Installing: /home/k5001682/ros2_ws/install/motordriver_msgs/share/motordriver_msgs/msg/MotordriverMessage.idl
[3.253s] -- Installing: /home/k5001682/ros2_ws/install/motordriver_msgs/share/motordriver_msgs/msg/MotordriverMessage.msg
[3.253s] -- Installing: /home/k5001682/ros2_ws/install/motordriver_msgs/share/ament_index/resource_index/package_run_dependencies/motordriver_msgs
[3.253s] -- Installing: /home/k5001682/ros2_ws/install/motordriver_msgs/share/ament_index/resource_index/parent_prefix_path/motordriver_msgs
[3.253s] -- Up-to-date: /home/k5001682/ros2_ws/install/motordriver_msgs/share/motordriver_msgs/environment/ament_prefix_path.sh
[3.253s] -- Up-to-date: /home/k5001682/ros2_ws/install/motordriver_msgs/share/motordriver_msgs/environment/ament_prefix_path.dsv
[3.253s] -- Up-to-date: /home/k5001682/ros2_ws/install/motordriver_msgs/share/motordriver_msgs/environment/path.sh
[3.253s] -- Up-to-date: /home/k5001682/ros2_ws/install/motordriver_msgs/share/motordriver_msgs/environment/path.dsv
[3.253s] -- Up-to-date: /home/k5001682/ros2_ws/install/motordriver_msgs/share/motordriver_msgs/local_setup.bash
[3.253s] -- Installing: /home/k5001682/ros2_ws/install/motordriver_msgs/share/motordriver_msgs/local_setup.sh
[3.254s] -- Up-to-date: /home/k5001682/ros2_ws/install/motordriver_msgs/share/motordriver_msgs/local_setup.zsh
[3.254s] -- Installing: /home/k5001682/ros2_ws/install/motordriver_msgs/share/motordriver_msgs/local_setup.dsv
[3.254s] -- Installing: /home/k5001682/ros2_ws/install/motordriver_msgs/share/motordriver_msgs/package.dsv
[3.254s] -- Up-to-date: /home/k5001682/ros2_ws/install/motordriver_msgs/share/ament_index/resource_index/packages/motordriver_msgs
[3.254s] -- Installing: /home/k5001682/ros2_ws/install/motordriver_msgs/share/motordriver_msgs/cmake/export_motordriver_msgs__rosidl_generator_cExport.cmake
[3.254s] -- Installing: /home/k5001682/ros2_ws/install/motordriver_msgs/share/motordriver_msgs/cmake/export_motordriver_msgs__rosidl_generator_cExport-noconfig.cmake
[3.254s] -- Installing: /home/k5001682/ros2_ws/install/motordriver_msgs/share/motordriver_msgs/cmake/export_motordriver_msgs__rosidl_typesupport_fastrtps_cExport.cmake
[3.254s] -- Installing: /home/k5001682/ros2_ws/install/motordriver_msgs/share/motordriver_msgs/cmake/export_motordriver_msgs__rosidl_typesupport_fastrtps_cExport-noconfig.cmake
[3.254s] -- Installing: /home/k5001682/ros2_ws/install/motordriver_msgs/share/motordriver_msgs/cmake/motordriver_msgs__rosidl_typesupport_introspection_cExport.cmake
[3.254s] -- Installing: /home/k5001682/ros2_ws/install/motordriver_msgs/share/motordriver_msgs/cmake/motordriver_msgs__rosidl_typesupport_introspection_cExport-noconfig.cmake
[3.254s] -- Installing: /home/k5001682/ros2_ws/install/motordriver_msgs/share/motordriver_msgs/cmake/motordriver_msgs__rosidl_typesupport_cExport.cmake
[3.254s] -- Installing: /home/k5001682/ros2_ws/install/motordriver_msgs/share/motordriver_msgs/cmake/motordriver_msgs__rosidl_typesupport_cExport-noconfig.cmake
[3.254s] -- Installing: /home/k5001682/ros2_ws/install/motordriver_msgs/share/motordriver_msgs/cmake/export_motordriver_msgs__rosidl_generator_cppExport.cmake
[3.254s] -- Installing: /home/k5001682/ros2_ws/install/motordriver_msgs/share/motordriver_msgs/cmake/export_motordriver_msgs__rosidl_typesupport_fastrtps_cppExport.cmake
[3.254s] -- Installing: /home/k5001682/ros2_ws/install/motordriver_msgs/share/motordriver_msgs/cmake/export_motordriver_msgs__rosidl_typesupport_fastrtps_cppExport-noconfig.cmake
[3.254s] -- Installing: /home/k5001682/ros2_ws/install/motordriver_msgs/share/motordriver_msgs/cmake/motordriver_msgs__rosidl_typesupport_introspection_cppExport.cmake
[3.254s] -- Installing: /home/k5001682/ros2_ws/install/motordriver_msgs/share/motordriver_msgs/cmake/motordriver_msgs__rosidl_typesupport_introspection_cppExport-noconfig.cmake
[3.254s] -- Installing: /home/k5001682/ros2_ws/install/motordriver_msgs/share/motordriver_msgs/cmake/motordriver_msgs__rosidl_typesupport_cppExport.cmake
[3.254s] -- Installing: /home/k5001682/ros2_ws/install/motordriver_msgs/share/motordriver_msgs/cmake/motordriver_msgs__rosidl_typesupport_cppExport-noconfig.cmake
[3.255s] -- Installing: /home/k5001682/ros2_ws/install/motordriver_msgs/share/motordriver_msgs/cmake/export_motordriver_msgs__rosidl_generator_pyExport.cmake
[3.255s] -- Installing: /home/k5001682/ros2_ws/install/motordriver_msgs/share/motordriver_msgs/cmake/export_motordriver_msgs__rosidl_generator_pyExport-noconfig.cmake
[3.255s] -- Installing: /home/k5001682/ros2_ws/install/motordriver_msgs/share/motordriver_msgs/cmake/rosidl_cmake-extras.cmake
[3.255s] -- Installing: /home/k5001682/ros2_ws/install/motordriver_msgs/share/motordriver_msgs/cmake/ament_cmake_export_include_directories-extras.cmake
[3.255s] -- Installing: /home/k5001682/ros2_ws/install/motordriver_msgs/share/motordriver_msgs/cmake/ament_cmake_export_libraries-extras.cmake
[3.255s] -- Installing: /home/k5001682/ros2_ws/install/motordriver_msgs/share/motordriver_msgs/cmake/ament_cmake_export_targets-extras.cmake
[3.255s] -- Installing: /home/k5001682/ros2_ws/install/motordriver_msgs/share/motordriver_msgs/cmake/rosidl_cmake_export_typesupport_targets-extras.cmake
[3.255s] -- Installing: /home/k5001682/ros2_ws/install/motordriver_msgs/share/motordriver_msgs/cmake/ament_cmake_export_dependencies-extras.cmake
[3.255s] -- Installing: /home/k5001682/ros2_ws/install/motordriver_msgs/share/motordriver_msgs/cmake/rosidl_cmake_export_typesupport_libraries-extras.cmake
[3.255s] -- Installing: /home/k5001682/ros2_ws/install/motordriver_msgs/share/motordriver_msgs/cmake/motordriver_msgsConfig.cmake
[3.255s] -- Up-to-date: /home/k5001682/ros2_ws/install/motordriver_msgs/share/motordriver_msgs/cmake/motordriver_msgsConfig-version.cmake
[3.255s] -- Installing: /home/k5001682/ros2_ws/install/motordriver_msgs/share/motordriver_msgs/package.xml
[3.257s] Invoked command in '/home/k5001682/ros2_ws/build/motordriver_msgs' returned '0': CMAKE_PREFIX_PATH=${CMAKE_PREFIX_PATH}:/opt/ros/jazzy:/home/k5001682/ros2_ws/install/motordriver DEBUGINFOD_URLS=https://debuginfod.ubuntu.com /usr/bin/cmake --install /home/k5001682/ros2_ws/build/motordriver_msgs
