running egg_info
creating ../../build/motordriver/motordriver.egg-info
writing ../../build/motordriver/motordriver.egg-info/PKG-INFO
writing dependency_links to ../../build/motordriver/motordriver.egg-info/dependency_links.txt
writing requirements to ../../build/motordriver/motordriver.egg-info/requires.txt
writing top-level names to ../../build/motordriver/motordriver.egg-info/top_level.txt
writing manifest file '../../build/motordriver/motordriver.egg-info/SOURCES.txt'
reading manifest file '../../build/motordriver/motordriver.egg-info/SOURCES.txt'
writing manifest file '../../build/motordriver/motordriver.egg-info/SOURCES.txt'
running build
running build_py
creating /home/k5001682/ros2_ws/build/motordriver/build
creating /home/k5001682/ros2_ws/build/motordriver/build/lib
creating /home/k5001682/ros2_ws/build/motordriver/build/lib/motordriver
copying motordriver/motordriver.py -> /home/k5001682/ros2_ws/build/motordriver/build/lib/motordriver
copying motordriver/__init__.py -> /home/k5001682/ros2_ws/build/motordriver/build/lib/motordriver
running install
running install_lib
creating /home/k5001682/ros2_ws/install/motordriver/lib/python3.12/site-packages/motordriver
copying /home/k5001682/ros2_ws/build/motordriver/build/lib/motordriver/motordriver.py -> /home/k5001682/ros2_ws/install/motordriver/lib/python3.12/site-packages/motordriver
copying /home/k5001682/ros2_ws/build/motordriver/build/lib/motordriver/__init__.py -> /home/k5001682/ros2_ws/install/motordriver/lib/python3.12/site-packages/motordriver
byte-compiling /home/k5001682/ros2_ws/install/motordriver/lib/python3.12/site-packages/motordriver/motordriver.py to motordriver.cpython-312.pyc
byte-compiling /home/k5001682/ros2_ws/install/motordriver/lib/python3.12/site-packages/motordriver/__init__.py to __init__.cpython-312.pyc
running install_data
creating /home/k5001682/ros2_ws/install/motordriver/share/ament_index
creating /home/k5001682/ros2_ws/install/motordriver/share/ament_index/resource_index
creating /home/k5001682/ros2_ws/install/motordriver/share/ament_index/resource_index/packages
copying resource/motordriver -> /home/k5001682/ros2_ws/install/motordriver/share/ament_index/resource_index/packages
copying package.xml -> /home/k5001682/ros2_ws/install/motordriver/share/motordriver
running install_egg_info
Copying ../../build/motordriver/motordriver.egg-info to /home/k5001682/ros2_ws/install/motordriver/lib/python3.12/site-packages/motordriver-0.0.0-py3.12.egg-info
running install_scripts
writing list of installed files to '/home/k5001682/ros2_ws/build/motordriver/install.log'
