[0.332s] Invoking command in '/home/k5001682/ros2_ws/src/motordriver': DEBUGINFOD_URLS=https://debuginfod.ubuntu.com PYTHONPATH=/home/k5001682/ros2_ws/build/motordriver/prefix_override:/usr/lib/python3/dist-packages/colcon_core/task/python/colcon_distutils_commands:/home/k5001682/ros2_ws/install/motordriver/lib/python3.12/site-packages:${PYTHONPATH} /usr/bin/python3 -W ignore:setup.py install is deprecated -W ignore:easy_install command is deprecated setup.py egg_info --egg-base ../../build/motordriver build --build-base /home/k5001682/ros2_ws/build/motordriver/build install --record /home/k5001682/ros2_ws/build/motordriver/install.log --single-version-externally-managed install_data
[0.438s] running egg_info
[0.438s] creating ../../build/motordriver/motordriver.egg-info
[0.443s] writing ../../build/motordriver/motordriver.egg-info/PKG-INFO
[0.443s] writing dependency_links to ../../build/motordriver/motordriver.egg-info/dependency_links.txt
[0.443s] writing requirements to ../../build/motordriver/motordriver.egg-info/requires.txt
[0.443s] writing top-level names to ../../build/motordriver/motordriver.egg-info/top_level.txt
[0.443s] writing manifest file '../../build/motordriver/motordriver.egg-info/SOURCES.txt'
[0.454s] reading manifest file '../../build/motordriver/motordriver.egg-info/SOURCES.txt'
[0.454s] writing manifest file '../../build/motordriver/motordriver.egg-info/SOURCES.txt'
[0.454s] running build
[0.454s] running build_py
[0.454s] creating /home/k5001682/ros2_ws/build/motordriver/build
[0.455s] creating /home/k5001682/ros2_ws/build/motordriver/build/lib
[0.455s] creating /home/k5001682/ros2_ws/build/motordriver/build/lib/motordriver
[0.455s] copying motordriver/motordriver.py -> /home/k5001682/ros2_ws/build/motordriver/build/lib/motordriver
[0.455s] copying motordriver/__init__.py -> /home/k5001682/ros2_ws/build/motordriver/build/lib/motordriver
[0.455s] running install
[0.458s] running install_lib
[0.463s] creating /home/k5001682/ros2_ws/install/motordriver/lib/python3.12/site-packages/motordriver
[0.463s] copying /home/k5001682/ros2_ws/build/motordriver/build/lib/motordriver/motordriver.py -> /home/k5001682/ros2_ws/install/motordriver/lib/python3.12/site-packages/motordriver
[0.463s] copying /home/k5001682/ros2_ws/build/motordriver/build/lib/motordriver/__init__.py -> /home/k5001682/ros2_ws/install/motordriver/lib/python3.12/site-packages/motordriver
[0.464s] byte-compiling /home/k5001682/ros2_ws/install/motordriver/lib/python3.12/site-packages/motordriver/motordriver.py to motordriver.cpython-312.pyc
[0.464s] byte-compiling /home/k5001682/ros2_ws/install/motordriver/lib/python3.12/site-packages/motordriver/__init__.py to __init__.cpython-312.pyc
[0.464s] running install_data
[0.464s] creating /home/k5001682/ros2_ws/install/motordriver/share/ament_index
[0.464s] creating /home/k5001682/ros2_ws/install/motordriver/share/ament_index/resource_index
[0.464s] creating /home/k5001682/ros2_ws/install/motordriver/share/ament_index/resource_index/packages
[0.464s] copying resource/motordriver -> /home/k5001682/ros2_ws/install/motordriver/share/ament_index/resource_index/packages
[0.464s] copying package.xml -> /home/k5001682/ros2_ws/install/motordriver/share/motordriver
[0.464s] running install_egg_info
[0.470s] Copying ../../build/motordriver/motordriver.egg-info to /home/k5001682/ros2_ws/install/motordriver/lib/python3.12/site-packages/motordriver-0.0.0-py3.12.egg-info
[0.470s] running install_scripts
[0.517s] writing list of installed files to '/home/k5001682/ros2_ws/build/motordriver/install.log'
[0.532s] Invoked command in '/home/k5001682/ros2_ws/src/motordriver' returned '0': DEBUGINFOD_URLS=https://debuginfod.ubuntu.com PYTHONPATH=/home/k5001682/ros2_ws/build/motordriver/prefix_override:/usr/lib/python3/dist-packages/colcon_core/task/python/colcon_distutils_commands:/home/k5001682/ros2_ws/install/motordriver/lib/python3.12/site-packages:${PYTHONPATH} /usr/bin/python3 -W ignore:setup.py install is deprecated -W ignore:easy_install command is deprecated setup.py egg_info --egg-base ../../build/motordriver build --build-base /home/k5001682/ros2_ws/build/motordriver/build install --record /home/k5001682/ros2_ws/build/motordriver/install.log --single-version-externally-managed install_data
