[0.006s] Invoking command in '/home/k5001682/ros2_ws/build/motordriver_msgs': CMAKE_PREFIX_PATH=${CMAKE_PREFIX_PATH}:/opt/ros/jazzy:/home/k5001682/ros2_ws/install/motordriver DEBUGINFOD_URLS=https://debuginfod.ubuntu.com /usr/bin/cmake --build /home/k5001682/ros2_ws/build/motordriver_msgs -- -j20 -l20
[0.034s] Invoked command in '/home/k5001682/ros2_ws/build/motordriver_msgs' returned '0': CMAKE_PREFIX_PATH=${CMAKE_PREFIX_PATH}:/opt/ros/jazzy:/home/k5001682/ros2_ws/install/motordriver DEBUGINFOD_URLS=https://debuginfod.ubuntu.com /usr/bin/cmake --build /home/k5001682/ros2_ws/build/motordriver_msgs -- -j20 -l20
[0.041s] Invoking command in '/home/k5001682/ros2_ws/build/motordriver_msgs': CMAKE_PREFIX_PATH=${CMAKE_PREFIX_PATH}:/opt/ros/jazzy:/home/k5001682/ros2_ws/install/motordriver DEBUGINFOD_URLS=https://debuginfod.ubuntu.com /usr/bin/cmake --install /home/k5001682/ros2_ws/build/motordriver_msgs
[0.047s] -- Install configuration: ""
[0.047s] -- Up-to-date: /home/k5001682/ros2_ws/install/motordriver_msgs/share/ament_index/resource_index/package_run_dependencies/motordriver_msgs
[0.047s] -- Up-to-date: /home/k5001682/ros2_ws/install/motordriver_msgs/share/ament_index/resource_index/parent_prefix_path/motordriver_msgs
[0.047s] -- Up-to-date: /home/k5001682/ros2_ws/install/motordriver_msgs/share/motordriver_msgs/environment/ament_prefix_path.sh
[0.047s] -- Up-to-date: /home/k5001682/ros2_ws/install/motordriver_msgs/share/motordriver_msgs/environment/ament_prefix_path.dsv
[0.047s] -- Up-to-date: /home/k5001682/ros2_ws/install/motordriver_msgs/share/motordriver_msgs/environment/path.sh
[0.048s] -- Up-to-date: /home/k5001682/ros2_ws/install/motordriver_msgs/share/motordriver_msgs/environment/path.dsv
[0.048s] -- Up-to-date: /home/k5001682/ros2_ws/install/motordriver_msgs/share/motordriver_msgs/local_setup.bash
[0.048s] -- Up-to-date: /home/k5001682/ros2_ws/install/motordriver_msgs/share/motordriver_msgs/local_setup.sh
[0.048s] -- Up-to-date: /home/k5001682/ros2_ws/install/motordriver_msgs/share/motordriver_msgs/local_setup.zsh
[0.048s] -- Up-to-date: /home/k5001682/ros2_ws/install/motordriver_msgs/share/motordriver_msgs/local_setup.dsv
[0.048s] -- Up-to-date: /home/k5001682/ros2_ws/install/motordriver_msgs/share/motordriver_msgs/package.dsv
[0.049s] -- Up-to-date: /home/k5001682/ros2_ws/install/motordriver_msgs/share/ament_index/resource_index/packages/motordriver_msgs
[0.049s] -- Up-to-date: /home/k5001682/ros2_ws/install/motordriver_msgs/share/motordriver_msgs/cmake/motordriver_msgsConfig.cmake
[0.049s] -- Up-to-date: /home/k5001682/ros2_ws/install/motordriver_msgs/share/motordriver_msgs/cmake/motordriver_msgsConfig-version.cmake
[0.049s] -- Up-to-date: /home/k5001682/ros2_ws/install/motordriver_msgs/share/motordriver_msgs/package.xml
[0.049s] Invoked command in '/home/k5001682/ros2_ws/build/motordriver_msgs' returned '0': CMAKE_PREFIX_PATH=${CMAKE_PREFIX_PATH}:/opt/ros/jazzy:/home/k5001682/ros2_ws/install/motordriver DEBUGINFOD_URLS=https://debuginfod.ubuntu.com /usr/bin/cmake --install /home/k5001682/ros2_ws/build/motordriver_msgs
