-- The C compiler identification is GNU 13.3.0
-- The CXX compiler identification is GNU 13.3.0
-- Detecting C compiler ABI info
-- Detecting C compiler ABI info - done
-- Check for working C compiler: /usr/bin/cc - skipped
-- Detecting C compile features
-- Detecting C compile features - done
-- Detecting CXX compiler ABI info
-- Detecting CXX compiler ABI info - done
-- Check for working CXX compiler: /usr/bin/c++ - skipped
-- Detecting CXX compile features
-- Detecting CXX compile features - done
-- Found ament_cmake: 2.5.4 (/opt/ros/jazzy/share/ament_cmake/cmake)
-- Found Python3: /usr/bin/python3 (found version "3.12.3") found components: Interpreter 
-- Found ament_lint_auto: 0.17.3 (/opt/ros/jazzy/share/ament_lint_auto/cmake)
-- Added test 'lint_cmake' to check CMake code style
-- Added test 'xmllint' to check XML markup files
-- Configuring done (0.7s)
-- Generating done (0.0s)
-- Build files have been written to: /home/k5001682/ros2_ws/build/motordriver_msgs
-- Install configuration: ""
-- Installing: /home/k5001682/ros2_ws/install/motordriver_msgs/share/ament_index/resource_index/package_run_dependencies/motordriver_msgs
-- Installing: /home/k5001682/ros2_ws/install/motordriver_msgs/share/ament_index/resource_index/parent_prefix_path/motordriver_msgs
-- Installing: /home/k5001682/ros2_ws/install/motordriver_msgs/share/motordriver_msgs/environment/ament_prefix_path.sh
-- Installing: /home/k5001682/ros2_ws/install/motordriver_msgs/share/motordriver_msgs/environment/ament_prefix_path.dsv
-- Installing: /home/k5001682/ros2_ws/install/motordriver_msgs/share/motordriver_msgs/environment/path.sh
-- Installing: /home/k5001682/ros2_ws/install/motordriver_msgs/share/motordriver_msgs/environment/path.dsv
-- Installing: /home/k5001682/ros2_ws/install/motordriver_msgs/share/motordriver_msgs/local_setup.bash
-- Installing: /home/k5001682/ros2_ws/install/motordriver_msgs/share/motordriver_msgs/local_setup.sh
-- Installing: /home/k5001682/ros2_ws/install/motordriver_msgs/share/motordriver_msgs/local_setup.zsh
-- Installing: /home/k5001682/ros2_ws/install/motordriver_msgs/share/motordriver_msgs/local_setup.dsv
-- Installing: /home/k5001682/ros2_ws/install/motordriver_msgs/share/motordriver_msgs/package.dsv
-- Installing: /home/k5001682/ros2_ws/install/motordriver_msgs/share/ament_index/resource_index/packages/motordriver_msgs
-- Installing: /home/k5001682/ros2_ws/install/motordriver_msgs/share/motordriver_msgs/cmake/motordriver_msgsConfig.cmake
-- Installing: /home/k5001682/ros2_ws/install/motordriver_msgs/share/motordriver_msgs/cmake/motordriver_msgsConfig-version.cmake
-- Installing: /home/k5001682/ros2_ws/install/motordriver_msgs/share/motordriver_msgs/package.xml
