[0.448s] Invoking command in '/home/k5001682/ros2_ws/src/motordriver': DEBUGINFOD_URLS=https://debuginfod.ubuntu.com PYTHONPATH=/home/k5001682/ros2_ws/build/motordriver/prefix_override:/usr/lib/python3/dist-packages/colcon_core/task/python/colcon_distutils_commands:/home/k5001682/ros2_ws/install/motordriver/lib/python3.12/site-packages:${PYTHONPATH} /usr/bin/python3 -W ignore:setup.py install is deprecated -W ignore:easy_install command is deprecated setup.py egg_info --egg-base ../../build/motordriver build --build-base /home/k5001682/ros2_ws/build/motordriver/build install --record /home/k5001682/ros2_ws/build/motordriver/install.log --single-version-externally-managed install_data
[0.597s] running egg_info
[0.606s] writing ../../build/motordriver/motordriver.egg-info/PKG-INFO
[0.606s] writing dependency_links to ../../build/motordriver/motordriver.egg-info/dependency_links.txt
[0.606s] writing entry points to ../../build/motordriver/motordriver.egg-info/entry_points.txt
[0.606s] writing requirements to ../../build/motordriver/motordriver.egg-info/requires.txt
[0.606s] writing top-level names to ../../build/motordriver/motordriver.egg-info/top_level.txt
[0.628s] reading manifest file '../../build/motordriver/motordriver.egg-info/SOURCES.txt'
[0.628s] writing manifest file '../../build/motordriver/motordriver.egg-info/SOURCES.txt'
[0.629s] running build
[0.629s] running build_py
[0.629s] running install
[0.632s] running install_lib
[0.642s] running install_data
[0.642s] running install_egg_info
[0.652s] removing '/home/k5001682/ros2_ws/install/motordriver/lib/python3.12/site-packages/motordriver-0.0.0-py3.12.egg-info' (and everything under it)
[0.653s] Copying ../../build/motordriver/motordriver.egg-info to /home/k5001682/ros2_ws/install/motordriver/lib/python3.12/site-packages/motordriver-0.0.0-py3.12.egg-info
[0.653s] running install_scripts
[0.722s] Installing motordriver script to /home/k5001682/ros2_ws/install/motordriver/lib/motordriver
[0.722s] writing list of installed files to '/home/k5001682/ros2_ws/build/motordriver/install.log'
[0.737s] Invoked command in '/home/k5001682/ros2_ws/src/motordriver' returned '0': DEBUGINFOD_URLS=https://debuginfod.ubuntu.com PYTHONPATH=/home/k5001682/ros2_ws/build/motordriver/prefix_override:/usr/lib/python3/dist-packages/colcon_core/task/python/colcon_distutils_commands:/home/k5001682/ros2_ws/install/motordriver/lib/python3.12/site-packages:${PYTHONPATH} /usr/bin/python3 -W ignore:setup.py install is deprecated -W ignore:easy_install command is deprecated setup.py egg_info --egg-base ../../build/motordriver build --build-base /home/k5001682/ros2_ws/build/motordriver/build install --record /home/k5001682/ros2_ws/build/motordriver/install.log --single-version-externally-managed install_data
